0 info it worked if it ends with ok
1 verbose cli [ 'node', '/usr/local/bin/npm', 'install', 'azure-cli', '-g' ]
2 info using npm@1.2.11
3 info using node@v0.8.20
4 verbose read json /usr/local/lib/package.json
5 verbose read json /usr/local/lib/package.json
6 verbose cache add [ 'azure-cli', null ]
7 verbose cache add name=undefined spec="azure-cli" args=["azure-cli",null]
8 verbose parsed url { pathname: 'azure-cli', path: 'azure-cli', href: 'azure-cli' }
9 silly lockFile e55ea045-azure-cli azure-cli
10 verbose lock azure-cli /Users/ianma/.npm/e55ea045-azure-cli.lock
11 silly lockFile e55ea045-azure-cli azure-cli
12 silly lockFile e55ea045-azure-cli azure-cli
13 verbose addNamed [ 'azure-cli', '' ]
14 verbose addNamed [ null, '' ]
15 silly lockFile a53364e7-azure-cli azure-cli@
16 verbose lock azure-cli@ /Users/ianma/.npm/a53364e7-azure-cli.lock
17 silly addNameRange { name: 'azure-cli', range: '', hasData: false }
18 verbose url raw azure-cli
19 verbose url resolving [ 'https://registry.npmjs.org/', './azure-cli' ]
20 verbose url resolved https://registry.npmjs.org/azure-cli
21 info trying registry request attempt 1 at 09:46:17
22 verbose etag "2XGAK2SDSIAMCRIWKEP4RIDD3"
23 http GET https://registry.npmjs.org/azure-cli
24 http 304 https://registry.npmjs.org/azure-cli
25 silly registry.get cb [ 304,
25 silly registry.get   { server: 'CouchDB/1.2.1 (Erlang OTP/R15B03)',
25 silly registry.get     etag: '"2XGAK2SDSIAMCRIWKEP4RIDD3"',
25 silly registry.get     date: 'Thu, 28 Feb 2013 15:46:17 GMT',
25 silly registry.get     'content-length': '0' } ]
26 verbose etag azure-cli from cache
27 silly addNameRange number 2 { name: 'azure-cli', range: '', hasData: true }
28 silly addNameRange versions [ 'azure-cli', [ '0.6.8', '0.6.9', '0.6.10', '0.6.11' ] ]
29 verbose addNamed [ 'azure-cli', '0.6.11' ]
30 verbose addNamed [ '0.6.11', '0.6.11' ]
31 silly lockFile ba94df4b-azure-cli-0-6-11 azure-cli@0.6.11
32 verbose lock azure-cli@0.6.11 /Users/ianma/.npm/ba94df4b-azure-cli-0-6-11.lock
33 verbose read json /Users/ianma/.npm/azure-cli/0.6.11/package/package.json
34 silly lockFile ba94df4b-azure-cli-0-6-11 azure-cli@0.6.11
35 silly lockFile ba94df4b-azure-cli-0-6-11 azure-cli@0.6.11
36 silly lockFile a53364e7-azure-cli azure-cli@
37 silly lockFile a53364e7-azure-cli azure-cli@
38 silly resolved [ { name: 'azure-cli',
38 silly resolved     author: { name: 'Microsoft Corporation' },
38 silly resolved     contributors:
38 silly resolved      [ [Object],
38 silly resolved        [Object],
38 silly resolved        [Object],
38 silly resolved        [Object],
38 silly resolved        [Object],
38 silly resolved        [Object],
38 silly resolved        [Object] ],
38 silly resolved     version: '0.6.11',
38 silly resolved     description: 'Windows Azure Cross Platform Command Line tool',
38 silly resolved     tags: [ 'azure', 'cli' ],
38 silly resolved     keywords: [ 'node', 'azure', 'cli', 'cloud hosting', 'deployment' ],
38 silly resolved     main: './lib/cli.js',
38 silly resolved     engines: { node: '>= 0.6.15' },
38 silly resolved     licenses: [ [Object] ],
38 silly resolved     dependencies:
38 silly resolved      { azure: '0.6.10',
38 silly resolved        xml2js: '0.1.x',
38 silly resolved        qs: '>= 0.3.1',
38 silly resolved        log: '>= 1.2.0',
38 silly resolved        xmlbuilder: '>= 0.3.1',
38 silly resolved        underscore: '>= 1.3.1',
38 silly resolved        'underscore.string': '>= 2.0.0',
38 silly resolved        'node-uuid': '> = 1.2.0',
38 silly resolved        tunnel: '>= 0.0.1',
38 silly resolved        async: '>= 0.1.18',
38 silly resolved        streamline: '>= 0.4.5',
38 silly resolved        commander: '1.0.4',
38 silly resolved        winston: '>= 0.5.10',
38 silly resolved        colors: '0.x.x',
38 silly resolved        eyes: '0.x.x',
38 silly resolved        'easy-table': '0.0.1',
38 silly resolved        request: '>= 2.9.203',
38 silly resolved        validator: '>= 0.4.12',
38 silly resolved        github: '0.1.6' },
38 silly resolved     devDependencies:
38 silly resolved      { mocha: '*',
38 silly resolved        jshint: '*',
38 silly resolved        sinon: '*',
38 silly resolved        should: '*',
38 silly resolved        nock: '0.13.5',
38 silly resolved        'winston-memory': '0.1.0' },
38 silly resolved     homepage: 'https://github.com/WindowsAzure/azure-sdk-tools-xplat',
38 silly resolved     repository:
38 silly resolved      { type: 'git',
38 silly resolved        url: 'git@github.com:WindowsAzure/azure-sdk-tools-xplat.git' },
38 silly resolved     bugs: { url: 'https://github.com/WindowsAzure/azure-sdk-tools-xplat/issues' },
38 silly resolved     scripts:
38 silly resolved      { test: 'node test/runtests.js testlist.txt',
38 silly resolved        jshint: 'node test/runjshint.js',
38 silly resolved        sbmtests: 'node test/runtests.js sbmtestlist.txt' },
38 silly resolved     bin: { azure: './bin/azure' },
38 silly resolved     readme: '# Windows Azure CLI tool for Mac and Linux\n\nThis project provides a cross platform command line tool for managing Windows Azure Websites and Virtual Machines.\n\nWith Windows Azure Websites you can deploy node.js applications to the cloud in just seconds using git. \n\n# CLI Features\n\n* Accounts\n    * Download and import Azure publish settings\n    * Create and manage Storage Accounts\n* Websites\n    * Create and manage Windows Azure websites\n    * Download site logs\n    * Manage Deployments\n    * Configure Github integration\n* Virtual machines\n    * Create and manage Windows and Linux Virtual machines\n    * Create and manage VM endpoints\n    * Create and manage Virtual Machine Images\n    * Create and manage certificates\n* Mobile Services\n    * Create and manage Mobile Services\n    * Manage tables, scripts, and configuration\n    * Access logs\n    * Access data\n* Service Bus\n    * Create and manage Service Bus namespaces\n* Azure SQL Server\n    * Create and manage SQL Servers, Firewall rules and Databases\n    \n# Getting Started\n## Download Source Code\n\nTo get the source code of the SDK via **git** just type:\n\n    git clone https://github.com/WindowsAzure/azure-sdk-tools-xplat.git\n    cd ./azure-sdk-tools-xplat\n    npm install \n\n## Install the npm package\n\nYou can install the azure cli npm package directly. \n\n    npm install -g azure-cli\n\n# Using the cli\n\nThe azure cli has several top-level commands, which correspond to different features of Windows Azure. Each top-level command is then broken up into further sub commands. Typing "azure" by itself or "azure --help" will list out each of the sub commands.\n\nBelow is a list of some of the more common commands and explanations on how to use them. \n\n## azure account - Managing Azure accounts\n\nIn order to use the CLI, you must first import credentials.\n\n    azure account download\nDownload your credentials from Windows Azure. Logs you in to the Azure portal and downloads a publishsettings file.\n\n    azure account import [file]\nImports previously downloaded credentials\n\n### azure account storage - Manage Azure Storage accounts\n\nYou can create and manage store accounts for leveraging blobs, tables and queues within your applications.\n\n    azure account storage list\nLists all your storage accounts\n\n    azure account storage create [name]\nCreates a new storage account\n\n**--location** - Location for the storage account \n\n**--affinitygroup** - Affinity group for the storage account\n\n**Note:** Either location or affinity group is required.\n\n    azure account storage update [name]\nUpdates a storage account label, description, etc.\n\n    azure account storage delete [name]\nRemoves the storage account\n\n    azure account storage keys list [name]\nLists out storage account keys for the specified account\n\n    azure account storage keys renew [name]\nRenews storage account keys for the specified account\n\n## azure site - Managing Windows Azure Websites\n\nYou can create websites for deploying static HTML, node.js, PHP, and .NET applications.\n\n    azure site list\nLists all your websites\n\n    azure site create [site]\nCreates a new Windows Azure website. If run in a folder that has an app.js or a server.js, we will assume this is a node.js application and create an iisnode.yml file for configuring the node hosted environment. \n\n**--git** - create a git repo for deploying the application. Will call "git init" to initialize the local folder as repo and will add an "azure" remote for the remote repository. --publishingUsername can be used for scripting scenarios. If publishing user is not provider, you will be prompted. ex. "azure site create foo --git".\n\n**--github** - connect this website to a github repo. If run in a local repo, will use the remotes present. --githubusername / --githubpassword / -- githubrepository can be used for scripting scenarios. If these are not provided, you will be prompted. ex. "azure site create foo --github"\n\n    azure site show [site]\nLists the details for a specific website. \n\n    azure site browse [site]\nOpens the website in the browser. \n\n    azure site delete [site]\nDeletes the current site. Will prompt for deletion.\n\n    azure site stop [site]\nStops the website\n\n    azure site start [site]\nStarts the website\n\n    azure site restart [site]\nStops and starts the website\n\n    azure site deploymentscript \nGenerates a bash or cmd script for customizing the deployment of your Website\n\n**--quiet** - overrides prompting for delete.\n\n**Note:** Above [site] is not required if the command is run in the main app folder.\n\n### azure site config - Managing site app settings\n\nYou can set application settings, which will propagate to environment variables for your node and PHP applications. Changes are instant, and you do not need to stop/start the app to pick up the new variables.\n\n    azure site config list [site]\nLists all application settings.\n\n    azure site config add [keyvaluepair] [site]\nAdds a new app setting. [keyvaluepair] is of the form "[key]=[value]" i.e. "foo=bar".\n\n    azure site config clear [key] [site]\nRemoves the specified app setting.\n\n    azure site config get [key] [site]\nRetrieves the value for the selected key.\n\n    azure site log tail [options] [name]\nStreams live diagnostic logs from your website to the console\n**--path [path]** - Path under the LogFiles folder to pull logs from.\n\n**--filter** - Filter to match against for displaying log output.\n\n**--log** - Write output in a log format.\n\n## azure vm - Managing Windows Azure virtual machines.\n\nYou can create and manage both Windows and Linux virtual machines in Windows Azure.\n\n    azure vm list\nList your virtual machines and their statuses\n\n    azure vm location list\nList available locations for hosting virtual machines.\n\n    azure vm create [name] [image] [username] [password] [location]\nCreate a new virtual machine using the specific image and credentials. An image can be a base image or an custom image uploaded to your account ex. "azure create myvm SUSE__openSUSE-12-1-20120603-en-us-30GB.vhd user pa$$w0rd westus".\n\n**--ssh [port]** - Enable a Linux VM to be remotely administered via ssh. By default port 22 is chosen.\n\n**--rdp [port]** - Enable a Windows VM to be remotely administered via RDP. By default port 3389 is chosen.\n\n**--community** - Specifies that the image is a community image\n\n    azure vm create-from [name] [rolefile]\nCreate a virtual machine from a previously exported rolefile.\n\n    azure vm export [name] [file]\nExport a virtual machine definition.\n\n    azure vm show [name]\nDisplay details about the VM.\n\n    azure vm shutdown [name]\nStop the virtual machine\n\n    azure vm start\nStart a previously shutdown virtual machine\n\n    azure vm restart [name]\nRestart the virtual machine\n\n    azure vm delete [name]\nDelete the virtual machine\n\n### azure vm image - Managing VM images\n\nWindows Azure allows you to create virtual machines using a set of preconfigured based images or using your own custom images which you create either by uploaded, or saving an existing vm.\n\n    azure vm image list\nList base and custom vm images\n\n    azure vm image show [image]\nShow details about a specific image\n\n    azure vm image create [name] [path]\nUpload a new custom image. The path can point to a local file or a public hosted blob, including a secure blob.\n\n**--os [os]** - specify the OS, "Linux" or "Windows"\n\n**--basevhd [blob]** - Specify a base vhd blob url.\n\n**--source-key [key]** - If the blob is secured, specifies the access key.\n\n    azure vm image delete [name]\nDeletes the specified image.\n\n### azure vm disk - Managing VM data disks\n\nYou can create additional data disks, which you mount within your virtual machines.\n\n    azure vm disk list\nLists available data disks\n\n    azure vm disk show [name]\nDisplays details on a specific disk\n\n    azure vm disk create [name] [path]\nUploads and creates a new disk using the specified path. The path can point to a local file or a public hosted blob, including a secure blob.\n\n**--source-key [key]** - If the blob is secured, specifies the access key.\n\n    azure vm disk attach [vm-name] [image]\nAttaches an image to an existing VM.\n\n    azure vm disk detach [vm-name] [image]\nDetaches an image from an existing VM.\n\n## azure mobile - Managing Azure Mobile Services\n\nYou can create and manage your mobile services right from the cli. You can create new services and databases, work directly with table data, and manage scripts and more.\n\n    azure mobile list\nLists all mobile services for this subscription\n\n    azure mobile create [servicename] [sqlAdminUsername] [sqlAdminPassword]\nCreates a new mobile service using the specific service name. Also creates a new SQL Database using the specified user and password.\n \n    azure mobile show [servicename]\nDisplays details about a mobile service including database details, applicationUrl and applicationKey\n\n    azure mobile delete [servicename]\nDeletes a mobile service \n\n## azure mobile scale - Manage scale for your mobile service\n\n    azure mobile scale show [servicename]\nShow the scalability settings of a mobile sservice\n\n    azure mobile scale change [options] [servicename]\nChange the scalability settings of a mobile service\n\n**--computeMode [mode]** - \'Free\' or \'Reserved\'\n\n**--numberOfInstances [count]** - number of instances in reserved mode.\n\n    azure mobile log [servicename]\nRetrieves mobile logs \n\n### azure mobile config - Manage your mobile service configuration\n\nYou can configure your Microsoft account, Facebook, Twitter, Google and push notification settings using these commands.\n\n    azure mobile config list [servicename]\nLists the available mobile configuration settings and their values\n\n    azure mobile config set [servicename] [key] [value]\nSets mobile configuration settings\n\n    azure mobile config get [servicename] [key]\nGets a specific mobile configuration setting\n\n### azure mobile table - Manage your mobile service tables\n\n    azure mobile table list [servicename]\nList the tables for a specific service\n\n    azure mobile table create [servicename] [tablename]\nCreates a new table for your mobile service\n\n**--permissions [permissions]** - comma delimited list of <operation>=<permission> pairs\n\n    azure mobile table show [servicename] [tablename]\nDisplay table details such as the number of records, the list of columns and which scripts are defined.\n\n    azure mobile table update [options] [servicename] [tablename] \nUpdates mobile table schema, permissions and indexes\n\n**--permissions [permissions]** - comma delimited list of <operation>=<permission> pairs\n\n**--deleteColumn [columns]** - comma delimited list of columns to delete\n\n    azure mobile table delete [servicename] [tablename]\nDeletes a mobile table\n\n### azure mobile script - Manage your mobile service scripts\n\nYou can create and upload scripts for your table operations.\n\n    azure mobile script list\nList scripts for the specified service\n\n    azure mobile script download [servicename] [scriptname]\nDownloads the specified script. Table script names are in the format table/.{read|insert|update|delete} (e.g. table/todoitem.insert)\n\n    azure mobile script upload [servicename] [scriptname]\nUploads a script\n\n    azure mobile script delete [servicename] [scriptname]\nDeletes a script\n\n### azure mobile data - Manage data from your mobile service\n\n    azure mobile data read [servicename] [tablename] [query]\nQuery a mobile service table\n\n    azure mobile data truncate [servicename] [tablename]\nDelete all data from a mobile service table\n**--quiet** - do not prompt before deleting\n\n### azure mobile job - Manage scheduled jobs\n\n    azure mobile job list [servicename]\nList jobs\n\n    azure mobile job create [servicename] [jobname]\nCreate a new job\n\n**--interval [number]** - Interval for executing the job, defaults to 15.\n\n**--intervalUnit [unit]** - \'minute\', \'hour\', \'day\', \'month\' or \'none\'. \n\n**--startTime [time]** - Time that the script should start in ISO format\n\n    azure mobile job update [servicename] [jobname]\nUpdate job settings\n\n**--interval [number]** - Interval for executing the job, defaults to 15.\n\n**--intervalUnit [unit]** - \'minute\', \'hour\', \'day\', \'month\' or \'none\'. \n\n**--startTime [time]** - Time that the script should start in ISO format\n\n**--status [status]** - \'enabled\' or \'disabled\'\n\n    azure mobile job delete [servicename] [jobname]\nDelete a scheduled job\n\n## azure sb - Manage your Service Bus configuration\n\n### azure sb namespace - Manage your Service Bus namespaces\n\n    azure sb namespace list\nList all your Service Bus namespaces\n\n    azure sb namespace create [namespace] [region]\nCreate a new Service Bus namespace in the specified region\n\n    azure sb namespace show [name]\nDisplay details about a namespace such as the connection string and endpoint information\n\n    azure sb namespace check [name]\nCheck if a namespace is available\n\n    azure sb namespace delete [name]\nDelete a namespace\n\n    azure sb namespace location list\nLists all available regions for creating new namespaces\n\n## azure sql - Manage Azure SQL\n\n### azure sql server - Manage your Azure SQL Servers\n\n    azure sql server show [serverName]\nDisplay server details\n\n    azure sql server list\nLists all your Azure SQL Servers\n\n    azure sql server create [administratorLogin] [administratorPassword] [location]\nCreate a new Azure SQL Server\n\n**--administratorLogin** - Administrator login user\n\n**--administratorPassword** - Administrator Password\n\n**--location** - Region where the server will be located\n\n    azure sql server delete [serverName]\nDelete an Azure SQL Server\n\n### azure sql firewallrule - Manage you Azure SQL Firewall Rules\n\n    azure sql firewallrule create [serverName] [ruleName] [startIPAddress] [endIPAddress]\nCreate a new firewall rule\n\n**--serverName** - Server to create the rule on.\n\n**--ruleName** - Name for the rule\n\n**--startIPAddress** - Start IP Range for the rule\n\n**--endIPAddress** - (Optional) End IP Range for the rule. If not supplied this will equal startIPAddress.\n\n    azure sql firewallrule show [serverName] [rulename]\nShow details for a firewall rule\n\n**--serverName** - Server the rule resides on.\n\n**--ruleName** - Rule to show\n\n    azure sql firewallrule list [serverName]\nList all firewall rules on specified server.\n\n**--serverName** - Server to list rules for\n\n    azure sql firewall delete [serverName] [ruleName]\nDelete a rule\n\n**--serverName** - Server where the rule resides\n\n**--ruleName** - Rule to delete.\n\n### azure sql db - Manage Azure SQL Databases\n\n    azure sql db create [serverName] [databaseName] [administratorLogin] [administratorPassword] [options]\nCreate a new database\n\n**--serverName** - Server to create the database on\n\n**--databaseName** - Name for the database\n\n**--administratorLogin** - Administrator login user\n\n**--administratorPassword** - Administrator Password\n\n**--collationName** - Collation for the DB\n\n**--edition** - Database edition\n\n**--maxSizeInGB** - Database max size\n\n    azure sql db list [serverName] [administratorLogin] [administratorPassword]\nList databases\n\n**--serverName** - Server to create the database on\n\n**--administratorLogin** - Administrator login user\n\n**--administratorPassword** - Administrator Password\n\n    azure sql db show [serverName] [databaseName] [administratorLogin] [administratorPassword]\nShow database details\n\n**--serverName** - Server to create the database on\n\n**--databaseName** - Name for the database\n\n**--administratorLogin** - Administrator login user\n\n**--administratorPassword** - Administrator Password\n\n    azure sql db delete [serverName] [databaseName] [administratorPassword]\nDelete a database\n\n**--serverName** - Server to create the database on\n\n**--databaseName** - Name for the database\n\n**--administratorPassword** - Administrator Password\n    \n\n**For more details on the commands, please see the [command line tool reference](http://go.microsoft.com/fwlink/?LinkId=252246&clcid=0x409) and this [How to Guide](http://www.windowsazure.com/en-us/develop/nodejs/how-to-guides/command-line-tools/)**\n\n# Need Help?\n\nBe sure to check out the Windows Azure [Developer Forums on Stack Overflow](http://go.microsoft.com/fwlink/?LinkId=234489) if you have trouble with the provided code.\n\n# Contribute Code or Provide Feedback\n\nIf you would like to become an active contributor to this project please follow the instructions provided in [Windows Azure Projects Contribution Guidelines](http://windowsazure.github.com/guidelines.html).\n\nIf you encounter any bugs with the library please file an issue in the [Issues](https://github.com/WindowsAzure/azure-sdk-for-node/issues) section of the project.\n\n## Running tests\n\nThe tests included in the repository execute CLI commands against live Widows Azure management endpoints. In order to run the tests, you must have a Windows Azure subscription as well as a GitHub account. \n\nBefore running tests, you must take a one-time action to configure the CLI with the Windows Azure subscription by running\n\n```\nazure account download\nazure account import\n```\n\nNext, provide the following parameters by setting environment variables:\n\n- `AZURE_STORAGE_ACCOUNT` - your Windows Azure Storage Account name\n- `AZURE_STORAGE_ACCESS_KEY` - secret access key to that Storage Account\n- `AZURE_SERVICEBUS_NAMESPACE` - your Windows Azure Service Bus Namespace\n- `AZURE_SERVICEBUS_ACCESS_KEY` - secret access to that Service Bus namespace\n- `AZURE_GITHUB_USERNAME` - GitHub account username\n- `AZURE_GITHUB_PASSWORD` - GitHub account password\n- `AZURE_GITHUB_REPOSITORY` - name an empty GitHub repository to use during tests (e.g. `tjanczuk/clitest`)\n\nTo run the tests, call\n\n```\nnpm test\n```\n\nfrom the root of your clone of the repository. Most tests execute against live Windows Azure management APIs, and running them takes considerable time. \n\nNote: by default, the tests targeting the Windows Azure Mobile Services run against a mocked Windows Azure HTTP endpoints. In order to execute these tests against live Windows Azure management APIs instead, set the `NOCK_OFF=true` environment variable before running the tests. \n\n# Learn More\nFor documentation on how to host Node.js applications on Windows Azure, please see the [Windows Azure Node.js Developer Center](http://www.windowsazure.com/en-us/develop/nodejs/).\n\nFor more extensive  documentation on the new cross platform CLI tool for Mac and Linux, please see this [reference](http://go.microsoft.com/fwlink/?LinkId=252246&clcid=0x409) and this [How to Guide](http://www.windowsazure.com/en-us/develop/nodejs/how-to-guides/command-line-tools/)\n\nCheck out our new IRC channel on freenode, node-azure.\n\n',
38 silly resolved     readmeFilename: 'README.md',
38 silly resolved     _id: 'azure-cli@0.6.11',
38 silly resolved     _from: 'azure-cli@' } ]
39 info install azure-cli@0.6.11 into /usr/local/lib
40 info installOne azure-cli@0.6.11
41 verbose from cache /Users/ianma/.npm/azure-cli/0.6.11/package/package.json
42 info /usr/local/lib/node_modules/azure-cli unbuild
43 verbose read json /usr/local/lib/node_modules/azure-cli/package.json
44 verbose tar unpack /Users/ianma/.npm/azure-cli/0.6.11/package.tgz
45 silly lockFile 1146293a-local-lib-node-modules-azure-cli /usr/local/lib/node_modules/azure-cli
46 verbose lock /usr/local/lib/node_modules/azure-cli /Users/ianma/.npm/1146293a-local-lib-node-modules-azure-cli.lock
47 silly lockFile d83893af-npm-azure-cli-0-6-11-package-tgz /Users/ianma/.npm/azure-cli/0.6.11/package.tgz
48 verbose lock /Users/ianma/.npm/azure-cli/0.6.11/package.tgz /Users/ianma/.npm/d83893af-npm-azure-cli-0-6-11-package-tgz.lock
49 silly gunzTarPerm modes [ '755', '644' ]
50 error Error: EACCES, mkdir '/usr/local/lib/node_modules/azure-cli'
50 error  { [Error: EACCES, mkdir '/usr/local/lib/node_modules/azure-cli']
50 error   errno: 3,
50 error   code: 'EACCES',
50 error   path: '/usr/local/lib/node_modules/azure-cli',
50 error   fstream_type: 'Directory',
50 error   fstream_path: '/usr/local/lib/node_modules/azure-cli',
50 error   fstream_class: 'DirWriter',
50 error   fstream_stack:
50 error    [ 'DirWriter._create (/usr/local/lib/node_modules/npm/node_modules/fstream/lib/dir-writer.js:36:23)',
50 error      '/usr/local/lib/node_modules/npm/node_modules/mkdirp/index.js:37:53',
50 error      'Object.oncomplete (fs.js:297:15)' ] }
51 error Please try running this command again as root/Administrator.
52 error System Darwin 12.2.0
53 error command "node" "/usr/local/bin/npm" "install" "azure-cli" "-g"
54 error cwd /Users/ianma/www/austin-dev
55 error node -v v0.8.20
56 error npm -v 1.2.11
57 error path /usr/local/lib/node_modules/azure-cli
58 error fstream_path /usr/local/lib/node_modules/azure-cli
59 error fstream_type Directory
60 error fstream_class DirWriter
61 error code EACCES
62 error errno 3
63 error stack Error: EACCES, mkdir '/usr/local/lib/node_modules/azure-cli'
64 error fstream_stack DirWriter._create (/usr/local/lib/node_modules/npm/node_modules/fstream/lib/dir-writer.js:36:23)
64 error fstream_stack /usr/local/lib/node_modules/npm/node_modules/mkdirp/index.js:37:53
64 error fstream_stack Object.oncomplete (fs.js:297:15)
65 verbose exit [ 3, true ]
